Error: Request aborted
    at onaborted (/home/heeltech/mongo.heeltech.in/node_modules/express/lib/response.js:1062:15)
    at onfinish (/home/heeltech/mongo.heeltech.in/node_modules/express/lib/response.js:1098:50)
    at AsyncResource.runInAsyncScope (node:async_hooks:211:14)
    at listener (/home/heeltech/mongo.heeltech.in/node_modules/on-finished/index.js:170:15)
    at onFinish (/home/heeltech/mongo.heeltech.in/node_modules/on-finished/index.js:101:5)
    at callback (/home/heeltech/mongo.heeltech.in/node_modules/ee-first/index.js:55:10)
    at Socket.onevent (/home/heeltech/mongo.heeltech.in/node_modules/ee-first/index.js:93:5)
    at Socket.emit (node:events:536:35)
    at emitErrorNT (node:internal/streams/destroy:170:8)
    at emitErrorCloseNT (node:internal/streams/destroy:129:3) {
  code: 'ECONNABORTED'
}
node:_http_outgoing:699
    throw new ERR_HTTP_HEADERS_SENT('set');
    ^

Error [ERR_HTTP_HEADERS_SENT]: Cannot set headers after they are sent to the client
    at ServerResponse.setHeader (node:_http_outgoing:699:11)
    at ServerResponse.header (/home/heeltech/mongo.heeltech.in/node_modules/express/lib/response.js:794:10)
    at ServerResponse.send (/home/heeltech/mongo.heeltech.in/node_modules/express/lib/response.js:174:12)
    at ServerResponse.json (/home/heeltech/mongo.heeltech.in/node_modules/express/lib/response.js:278:15)
    at /home/heeltech/mongo.heeltech.in/Routes/UserRoute.js:637:30
    at /home/heeltech/mongo.heeltech.in/node_modules/express/lib/response.js:450:22
    at onaborted (/home/heeltech/mongo.heeltech.in/node_modules/express/lib/response.js:1064:5)
    at onfinish (/home/heeltech/mongo.heeltech.in/node_modules/express/lib/response.js:1098:50)
    at AsyncResource.runInAsyncScope (node:async_hooks:211:14)
    at listener (/home/heeltech/mongo.heeltech.in/node_modules/on-finished/index.js:170:15) {
  code: 'ERR_HTTP_HEADERS_SENT'
}

Node.js v22.13.1
Error: write EPIPE
    at afterWriteDispatched (node:internal/stream_base_commons:159:15)
    at writevGeneric (node:internal/stream_base_commons:142:3)
    at Socket._writeGeneric (node:net:969:11)
    at Socket._writev (node:net:978:8)
    at doWrite (node:internal/streams/writable:596:12)
    at clearBuffer (node:internal/streams/writable:775:5)
    at Writable.uncork (node:internal/streams/writable:531:7)
    at connectionCorkNT (node:_http_outgoing:1031:8)
    at process.processTicksAndRejections (node:internal/process/task_queues:89:21) {
  errno: -32,
  code: 'EPIPE',
  syscall: 'write'
}
node:_http_outgoing:699
    throw new ERR_HTTP_HEADERS_SENT('set');
    ^

Error [ERR_HTTP_HEADERS_SENT]: Cannot set headers after they are sent to the client
    at ServerResponse.setHeader (node:_http_outgoing:699:11)
    at ServerResponse.header (/home/heeltech/mongo.heeltech.in/node_modules/express/lib/response.js:794:10)
    at ServerResponse.send (/home/heeltech/mongo.heeltech.in/node_modules/express/lib/response.js:174:12)
    at ServerResponse.json (/home/heeltech/mongo.heeltech.in/node_modules/express/lib/response.js:278:15)
    at /home/heeltech/mongo.heeltech.in/Routes/UserRoute.js:637:30
    at /home/heeltech/mongo.heeltech.in/node_modules/express/lib/response.js:450:22
    at onerror (/home/heeltech/mongo.heeltech.in/node_modules/express/lib/response.js:1081:5)
    at onfinish (/home/heeltech/mongo.heeltech.in/node_modules/express/lib/response.js:1099:21)
    at AsyncResource.runInAsyncScope (node:async_hooks:211:14)
    at listener (/home/heeltech/mongo.heeltech.in/node_modules/on-finished/index.js:170:15) {
  code: 'ERR_HTTP_HEADERS_SENT'
}

Node.js v22.13.1
Error: write EPIPE
    at afterWriteDispatched (node:internal/stream_base_commons:159:15)
    at writevGeneric (node:internal/stream_base_commons:142:3)
    at Socket._writeGeneric (node:net:969:11)
    at Socket._writev (node:net:978:8)
    at doWrite (node:internal/streams/writable:596:12)
    at clearBuffer (node:internal/streams/writable:775:5)
    at Writable.uncork (node:internal/streams/writable:531:7)
    at connectionCorkNT (node:_http_outgoing:1031:8)
    at process.processTicksAndRejections (node:internal/process/task_queues:89:21) {
  errno: -32,
  code: 'EPIPE',
  syscall: 'write'
}
node:_http_outgoing:699
    throw new ERR_HTTP_HEADERS_SENT('set');
    ^

Error [ERR_HTTP_HEADERS_SENT]: Cannot set headers after they are sent to the client
    at ServerResponse.setHeader (node:_http_outgoing:699:11)
    at ServerResponse.header (/home/heeltech/mongo.heeltech.in/node_modules/express/lib/response.js:794:10)
    at ServerResponse.send (/home/heeltech/mongo.heeltech.in/node_modules/express/lib/response.js:174:12)
    at ServerResponse.json (/home/heeltech/mongo.heeltech.in/node_modules/express/lib/response.js:278:15)
    at /home/heeltech/mongo.heeltech.in/Routes/UserRoute.js:637:30
    at /home/heeltech/mongo.heeltech.in/node_modules/express/lib/response.js:450:22
    at onerror (/home/heeltech/mongo.heeltech.in/node_modules/express/lib/response.js:1081:5)
    at onfinish (/home/heeltech/mongo.heeltech.in/node_modules/express/lib/response.js:1099:21)
    at AsyncResource.runInAsyncScope (node:async_hooks:211:14)
    at listener (/home/heeltech/mongo.heeltech.in/node_modules/on-finished/index.js:170:15) {
  code: 'ERR_HTTP_HEADERS_SENT'
}

Node.js v22.13.1
Error: Request aborted
    at onaborted (/home/heeltech/mongo.heeltech.in/node_modules/express/lib/response.js:1062:15)
    at Immediate._onImmediate (/home/heeltech/mongo.heeltech.in/node_modules/express/lib/response.js:1104:9)
    at process.processImmediate (node:internal/timers:491:21) {
  code: 'ECONNABORTED'
}
Error: Request aborted
    at onaborted (/home/heeltech/mongo.heeltech.in/node_modules/express/lib/response.js:1062:15)
    at Immediate._onImmediate (/home/heeltech/mongo.heeltech.in/node_modules/express/lib/response.js:1104:9)
    at process.processImmediate (node:internal/timers:491:21) {
  code: 'ECONNABORTED'
}
Error: Request aborted
    at onaborted (/home/heeltech/mongo.heeltech.in/node_modules/express/lib/response.js:1062:15)
    at Immediate._onImmediate (/home/heeltech/mongo.heeltech.in/node_modules/express/lib/response.js:1104:9)
    at process.processImmediate (node:internal/timers:491:21) {
  code: 'ECONNABORTED'
}
Error: Request aborted
    at onaborted (/home/heeltech/mongo.heeltech.in/node_modules/express/lib/response.js:1062:15)
    at Immediate._onImmediate (/home/heeltech/mongo.heeltech.in/node_modules/express/lib/response.js:1104:9)
    at process.processImmediate (node:internal/timers:491:21) {
  code: 'ECONNABORTED'
}
Error: Request aborted
    at onaborted (/home/heeltech/mongo.heeltech.in/node_modules/express/lib/response.js:1062:15)
    at Immediate._onImmediate (/home/heeltech/mongo.heeltech.in/node_modules/express/lib/response.js:1104:9)
    at process.processImmediate (node:internal/timers:491:21) {
  code: 'ECONNABORTED'
}
Error: Request aborted
    at onaborted (/home/heeltech/mongo.heeltech.in/node_modules/express/lib/response.js:1062:15)
    at Immediate._onImmediate (/home/heeltech/mongo.heeltech.in/node_modules/express/lib/response.js:1104:9)
    at process.processImmediate (node:internal/timers:491:21) {
  code: 'ECONNABORTED'
}
Error: Request aborted
    at onaborted (/home/heeltech/mongo.heeltech.in/node_modules/express/lib/response.js:1062:15)
    at Immediate._onImmediate (/home/heeltech/mongo.heeltech.in/node_modules/express/lib/response.js:1104:9)
    at process.processImmediate (node:internal/timers:491:21) {
  code: 'ECONNABORTED'
}
Error: Request aborted
    at onaborted (/home/heeltech/mongo.heeltech.in/node_modules/express/lib/response.js:1062:15)
    at Immediate._onImmediate (/home/heeltech/mongo.heeltech.in/node_modules/express/lib/response.js:1104:9)
    at process.processImmediate (node:internal/timers:491:21) {
  code: 'ECONNABORTED'
}
Error: Request aborted
    at onaborted (/home/heeltech/mongo.heeltech.in/node_modules/express/lib/response.js:1062:15)
    at Immediate._onImmediate (/home/heeltech/mongo.heeltech.in/node_modules/express/lib/response.js:1104:9)
    at process.processImmediate (node:internal/timers:491:21) {
  code: 'ECONNABORTED'
}
Error: Request aborted
    at onaborted (/home/heeltech/mongo.heeltech.in/node_modules/express/lib/response.js:1062:15)
    at Immediate._onImmediate (/home/heeltech/mongo.heeltech.in/node_modules/express/lib/response.js:1104:9)
    at process.processImmediate (node:internal/timers:491:21) {
  code: 'ECONNABORTED'
}
Error: Request aborted
    at onaborted (/home/heeltech/mongo.heeltech.in/node_modules/express/lib/response.js:1062:15)
    at Immediate._onImmediate (/home/heeltech/mongo.heeltech.in/node_modules/express/lib/response.js:1104:9)
    at process.processImmediate (node:internal/timers:491:21) {
  code: 'ECONNABORTED'
}
Error: Request aborted
    at onaborted (/home/heeltech/mongo.heeltech.in/node_modules/express/lib/response.js:1062:15)
    at Immediate._onImmediate (/home/heeltech/mongo.heeltech.in/node_modules/express/lib/response.js:1104:9)
    at process.processImmediate (node:internal/timers:491:21) {
  code: 'ECONNABORTED'
}
Error: Request aborted
    at onaborted (/home/heeltech/mongo.heeltech.in/node_modules/express/lib/response.js:1062:15)
    at Immediate._onImmediate (/home/heeltech/mongo.heeltech.in/node_modules/express/lib/response.js:1104:9)
    at process.processImmediate (node:internal/timers:491:21) {
  code: 'ECONNABORTED'
}
Error: Request aborted
    at onaborted (/home/heeltech/mongo.heeltech.in/node_modules/express/lib/response.js:1062:15)
    at Immediate._onImmediate (/home/heeltech/mongo.heeltech.in/node_modules/express/lib/response.js:1104:9)
    at process.processImmediate (node:internal/timers:491:21) {
  code: 'ECONNABORTED'
}
Error: Request aborted
    at onaborted (/home/heeltech/mongo.heeltech.in/node_modules/express/lib/response.js:1062:15)
    at Immediate._onImmediate (/home/heeltech/mongo.heeltech.in/node_modules/express/lib/response.js:1104:9)
    at process.processImmediate (node:internal/timers:491:21) {
  code: 'ECONNABORTED'
}
Error: Request aborted
    at onaborted (/home/heeltech/mongo.heeltech.in/node_modules/express/lib/response.js:1062:15)
    at Immediate._onImmediate (/home/heeltech/mongo.heeltech.in/node_modules/express/lib/response.js:1104:9)
    at process.processImmediate (node:internal/timers:491:21) {
  code: 'ECONNABORTED'
}
Error: Request aborted
    at onaborted (/home/heeltech/mongo.heeltech.in/node_modules/express/lib/response.js:1062:15)
    at Immediate._onImmediate (/home/heeltech/mongo.heeltech.in/node_modules/express/lib/response.js:1104:9)
    at process.processImmediate (node:internal/timers:491:21) {
  code: 'ECONNABORTED'
}
Error: Request aborted
    at onaborted (/home/heeltech/mongo.heeltech.in/node_modules/express/lib/response.js:1062:15)
    at Immediate._onImmediate (/home/heeltech/mongo.heeltech.in/node_modules/express/lib/response.js:1104:9)
    at process.processImmediate (node:internal/timers:491:21) {
  code: 'ECONNABORTED'
}
Error: Request aborted
    at onaborted (/home/heeltech/mongo.heeltech.in/node_modules/express/lib/response.js:1062:15)
    at Immediate._onImmediate (/home/heeltech/mongo.heeltech.in/node_modules/express/lib/response.js:1104:9)
    at process.processImmediate (node:internal/timers:491:21) {
  code: 'ECONNABORTED'
}
Error: Request aborted
    at onaborted (/home/heeltech/mongo.heeltech.in/node_modules/express/lib/response.js:1062:15)
    at Immediate._onImmediate (/home/heeltech/mongo.heeltech.in/node_modules/express/lib/response.js:1104:9)
    at process.processImmediate (node:internal/timers:491:21) {
  code: 'ECONNABORTED'
}
Error: Request aborted
    at onaborted (/home/heeltech/mongo.heeltech.in/node_modules/express/lib/response.js:1062:15)
    at Immediate._onImmediate (/home/heeltech/mongo.heeltech.in/node_modules/express/lib/response.js:1104:9)
    at process.processImmediate (node:internal/timers:491:21) {
  code: 'ECONNABORTED'
}
Error: write EPIPE
    at afterWriteDispatched (node:internal/stream_base_commons:159:15)
    at writevGeneric (node:internal/stream_base_commons:142:3)
    at Socket._writeGeneric (node:net:969:11)
    at Socket._writev (node:net:978:8)
    at doWrite (node:internal/streams/writable:596:12)
    at clearBuffer (node:internal/streams/writable:775:5)
    at Writable.uncork (node:internal/streams/writable:531:7)
    at connectionCorkNT (node:_http_outgoing:1031:8)
    at process.processTicksAndRejections (node:internal/process/task_queues:89:21) {
  errno: -32,
  code: 'EPIPE',
  syscall: 'write'
}
node:_http_outgoing:699
    throw new ERR_HTTP_HEADERS_SENT('set');
    ^

Error [ERR_HTTP_HEADERS_SENT]: Cannot set headers after they are sent to the client
    at ServerResponse.setHeader (node:_http_outgoing:699:11)
    at ServerResponse.header (/home/heeltech/mongo.heeltech.in/node_modules/express/lib/response.js:794:10)
    at ServerResponse.send (/home/heeltech/mongo.heeltech.in/node_modules/express/lib/response.js:174:12)
    at ServerResponse.json (/home/heeltech/mongo.heeltech.in/node_modules/express/lib/response.js:278:15)
    at /home/heeltech/mongo.heeltech.in/Routes/UserRoute.js:637:30
    at /home/heeltech/mongo.heeltech.in/node_modules/express/lib/response.js:450:22
    at onerror (/home/heeltech/mongo.heeltech.in/node_modules/express/lib/response.js:1081:5)
    at onfinish (/home/heeltech/mongo.heeltech.in/node_modules/express/lib/response.js:1099:21)
    at AsyncResource.runInAsyncScope (node:async_hooks:211:14)
    at listener (/home/heeltech/mongo.heeltech.in/node_modules/on-finished/index.js:170:15) {
  code: 'ERR_HTTP_HEADERS_SENT'
}

Node.js v22.13.1
[Error: ENOENT: no such file or directory, stat '/home/heeltech/mongo.heeltech.in/uploads/default_image.png'] {
  errno: -2,
  code: 'ENOENT',
  syscall: 'stat',
  path: '/home/heeltech/mongo.heeltech.in/uploads/default_image.png',
  expose: false,
  statusCode: 404,
  status: 404
}
Error: Request aborted
    at onaborted (/home/heeltech/mongo.heeltech.in/node_modules/express/lib/response.js:1062:15)
    at Immediate._onImmediate (/home/heeltech/mongo.heeltech.in/node_modules/express/lib/response.js:1104:9)
    at process.processImmediate (node:internal/timers:491:21) {
  code: 'ECONNABORTED'
}
VersionError: No matching document found for id "67f50d225f9b3d5a6bc66437" version 0 modifiedPaths "step3, religion, motherTongue, languagesKnown, caste, subcaste, gotram"
    at generateVersionError (/home/heeltech/mongo.heeltech.in/node_modules/mongoose/lib/model.js:510:10)
    at model.save (/home/heeltech/mongo.heeltech.in/node_modules/mongoose/lib/model.js:568:28)
    at /home/heeltech/mongo.heeltech.in/Routes/UserRoute.js:405:16
    at process.processTicksAndRejections (node:internal/process/task_queues:105:5) {
  version: 0,
  modifiedPaths: [
    'step3',
    'religion',
    'motherTongue',
    'languagesKnown',
    'caste',
    'subcaste',
    'gotram'
  ]
}
VersionError: No matching document found for id "67f53aaa5f9b3d5a6bc66545" version 0 modifiedPaths "step3, religion, motherTongue, languagesKnown, caste, gotram"
    at generateVersionError (/home/heeltech/mongo.heeltech.in/node_modules/mongoose/lib/model.js:510:10)
    at model.save (/home/heeltech/mongo.heeltech.in/node_modules/mongoose/lib/model.js:568:28)
    at /home/heeltech/mongo.heeltech.in/Routes/UserRoute.js:405:16
    at process.processTicksAndRejections (node:internal/process/task_queues:105:5) {
  version: 0,
  modifiedPaths: [
    'step3',
    'religion',
    'motherTongue',
    'languagesKnown',
    'caste',
    'gotram'
  ]
}
VersionError: No matching document found for id "67f53aaa5f9b3d5a6bc66545" version 0 modifiedPaths "step3, religion, motherTongue, languagesKnown, caste, gotram"
    at generateVersionError (/home/heeltech/mongo.heeltech.in/node_modules/mongoose/lib/model.js:510:10)
    at model.save (/home/heeltech/mongo.heeltech.in/node_modules/mongoose/lib/model.js:568:28)
    at /home/heeltech/mongo.heeltech.in/Routes/UserRoute.js:405:16
    at process.processTicksAndRejections (node:internal/process/task_queues:105:5) {
  version: 0,
  modifiedPaths: [
    'step3',
    'religion',
    'motherTongue',
    'languagesKnown',
    'caste',
    'gotram'
  ]
}
VersionError: No matching document found for id "67f549d75f9b3d5a6bc66615" version 1 modifiedPaths "step9, partnerCreatedBy, religionPreferences, castePreferences, subCastePreferences, maritalStatusPreferences, childrenPreferences, motherTonguePreferences, agePreferences, partnerEducationPreferences, partnerOccupationPreferences, partnerJobLocationPreferences, partnerAnnualIncome, familyPreferences, settledLocationPreferences, ownHousePreferences, squareYardPreferences, monthlyRentPreferences, plotPreference, flatPreference, ownLocationPreferences, agricultureLandPreference, totalPropertyValuePreference, countryLocationPreferences, stateLocationPreferences, cityLocationPreferences, citizenshipPreferences"
    at generateVersionError (/home/heeltech/mongo.heeltech.in/node_modules/mongoose/lib/model.js:510:10)
    at model.save (/home/heeltech/mongo.heeltech.in/node_modules/mongoose/lib/model.js:568:28)
    at /home/heeltech/mongo.heeltech.in/Routes/UserRoute.js:405:16
    at process.processTicksAndRejections (node:internal/process/task_queues:105:5) {
  version: 1,
  modifiedPaths: [
    'step9',
    'partnerCreatedBy',
    'religionPreferences',
    'castePreferences',
    'subCastePreferences',
    'maritalStatusPreferences',
    'childrenPreferences',
    'motherTonguePreferences',
    'agePreferences',
    'partnerEducationPreferences',
    'partnerOccupationPreferences',
    'partnerJobLocationPreferences',
    'partnerAnnualIncome',
    'familyPreferences',
    'settledLocationPreferences',
    'ownHousePreferences',
    'squareYardPreferences',
    'monthlyRentPreferences',
    'plotPreference',
    'flatPreference',
    'ownLocationPreferences',
    'agricultureLandPreference',
    'totalPropertyValuePreference',
    'countryLocationPreferences',
    'stateLocationPreferences',
    'cityLocationPreferences',
    'citizenshipPreferences'
  ]
}
VersionError: No matching document found for id "67f5f0a25f9b3d5a6bc66686" version 0 modifiedPaths "step3, religion, motherTongue, languagesKnown, caste, subcaste, gotram, raasi"
    at generateVersionError (/home/heeltech/mongo.heeltech.in/node_modules/mongoose/lib/model.js:510:10)
    at model.save (/home/heeltech/mongo.heeltech.in/node_modules/mongoose/lib/model.js:568:28)
    at /home/heeltech/mongo.heeltech.in/Routes/UserRoute.js:405:16
    at process.processTicksAndRejections (node:internal/process/task_queues:105:5) {
  version: 0,
  modifiedPaths: [
    'step3',
    'religion',
    'motherTongue',
    'languagesKnown',
    'caste',
    'subcaste',
    'gotram',
    'raasi'
  ]
}
Error: Request aborted
    at onaborted (/home/heeltech/mongo.heeltech.in/node_modules/express/lib/response.js:1062:15)
    at Immediate._onImmediate (/home/heeltech/mongo.heeltech.in/node_modules/express/lib/response.js:1104:9)
    at process.processImmediate (node:internal/timers:491:21) {
  code: 'ECONNABORTED'
}
VersionError: No matching document found for id "67f650d85f9b3d5a6bc66a3f" version 1 modifiedPaths "step9, partnerCreatedBy, religionPreferences, castePreferences, subCastePreferences, maritalStatusPreferences, childrenPreferences, motherTonguePreferences, agePreferences, partnerEducationPreferences, partnerOccupationPreferences, partnerJobLocationPreferences, partnerAnnualIncome, familyPreferences, settledLocationPreferences, ownHousePreferences, squareYardPreferences, monthlyRentPreferences, plotPreference, flatPreference, ownLocationPreferences, agricultureLandPreference, totalPropertyValuePreference, countryLocationPreferences, stateLocationPreferences, cityLocationPreferences, citizenshipPreferences"
    at generateVersionError (/home/heeltech/mongo.heeltech.in/node_modules/mongoose/lib/model.js:510:10)
    at model.save (/home/heeltech/mongo.heeltech.in/node_modules/mongoose/lib/model.js:568:28)
    at /home/heeltech/mongo.heeltech.in/Routes/UserRoute.js:405:16
    at process.processTicksAndRejections (node:internal/process/task_queues:105:5) {
  version: 1,
  modifiedPaths: [
    'step9',
    'partnerCreatedBy',
    'religionPreferences',
    'castePreferences',
    'subCastePreferences',
    'maritalStatusPreferences',
    'childrenPreferences',
    'motherTonguePreferences',
    'agePreferences',
    'partnerEducationPreferences',
    'partnerOccupationPreferences',
    'partnerJobLocationPreferences',
    'partnerAnnualIncome',
    'familyPreferences',
    'settledLocationPreferences',
    'ownHousePreferences',
    'squareYardPreferences',
    'monthlyRentPreferences',
    'plotPreference',
    'flatPreference',
    'ownLocationPreferences',
    'agricultureLandPreference',
    'totalPropertyValuePreference',
    'countryLocationPreferences',
    'stateLocationPreferences',
    'cityLocationPreferences',
    'citizenshipPreferences'
  ]
}
Error: Request aborted
    at onaborted (/home/heeltech/mongo.heeltech.in/node_modules/express/lib/response.js:1062:15)
    at Immediate._onImmediate (/home/heeltech/mongo.heeltech.in/node_modules/express/lib/response.js:1104:9)
    at process.processImmediate (node:internal/timers:491:21) {
  code: 'ECONNABORTED'
}
Error: Request aborted
    at onaborted (/home/heeltech/mongo.heeltech.in/node_modules/express/lib/response.js:1062:15)
    at Immediate._onImmediate (/home/heeltech/mongo.heeltech.in/node_modules/express/lib/response.js:1104:9)
    at process.processImmediate (node:internal/timers:491:21) {
  code: 'ECONNABORTED'
}
Error: Request aborted
    at onaborted (/home/heeltech/mongo.heeltech.in/node_modules/express/lib/response.js:1062:15)
    at Immediate._onImmediate (/home/heeltech/mongo.heeltech.in/node_modules/express/lib/response.js:1104:9)
    at process.processImmediate (node:internal/timers:491:21) {
  code: 'ECONNABORTED'
}
Error: Request aborted
    at onaborted (/home/heeltech/mongo.heeltech.in/node_modules/express/lib/response.js:1062:15)
    at Immediate._onImmediate (/home/heeltech/mongo.heeltech.in/node_modules/express/lib/response.js:1104:9)
    at process.processImmediate (node:internal/timers:491:21) {
  code: 'ECONNABORTED'
}
Error: Request aborted
    at onaborted (/home/heeltech/mongo.heeltech.in/node_modules/express/lib/response.js:1062:15)
    at Immediate._onImmediate (/home/heeltech/mongo.heeltech.in/node_modules/express/lib/response.js:1104:9)
    at process.processImmediate (node:internal/timers:491:21) {
  code: 'ECONNABORTED'
}
Error: Request aborted
    at onaborted (/home/heeltech/mongo.heeltech.in/node_modules/express/lib/response.js:1062:15)
    at Immediate._onImmediate (/home/heeltech/mongo.heeltech.in/node_modules/express/lib/response.js:1104:9)
    at process.processImmediate (node:internal/timers:491:21) {
  code: 'ECONNABORTED'
}
Error: write EPIPE
    at afterWriteDispatched (node:internal/stream_base_commons:159:15)
    at writeGeneric (node:internal/stream_base_commons:150:3)
    at Socket._writeGeneric (node:net:971:11)
    at Socket._write (node:net:983:8)
    at doWrite (node:internal/streams/writable:598:12)
    at clearBuffer (node:internal/streams/writable:783:7)
    at Writable.uncork (node:internal/streams/writable:531:7)
    at connectionCorkNT (node:_http_outgoing:1031:8)
    at process.processTicksAndRejections (node:internal/process/task_queues:89:21) {
  errno: -32,
  code: 'EPIPE',
  syscall: 'write'
}
node:_http_outgoing:699
    throw new ERR_HTTP_HEADERS_SENT('set');
    ^

Error [ERR_HTTP_HEADERS_SENT]: Cannot set headers after they are sent to the client
    at ServerResponse.setHeader (node:_http_outgoing:699:11)
    at ServerResponse.header (/home/heeltech/mongo.heeltech.in/node_modules/express/lib/response.js:794:10)
    at ServerResponse.send (/home/heeltech/mongo.heeltech.in/node_modules/express/lib/response.js:174:12)
    at ServerResponse.json (/home/heeltech/mongo.heeltech.in/node_modules/express/lib/response.js:278:15)
    at /home/heeltech/mongo.heeltech.in/Routes/UserRoute.js:637:30
    at /home/heeltech/mongo.heeltech.in/node_modules/express/lib/response.js:450:22
    at onerror (/home/heeltech/mongo.heeltech.in/node_modules/express/lib/response.js:1081:5)
    at onfinish (/home/heeltech/mongo.heeltech.in/node_modules/express/lib/response.js:1099:21)
    at AsyncResource.runInAsyncScope (node:async_hooks:211:14)
    at listener (/home/heeltech/mongo.heeltech.in/node_modules/on-finished/index.js:170:15) {
  code: 'ERR_HTTP_HEADERS_SENT'
}

Node.js v22.13.1
Error: Request aborted
    at onaborted (/home/heeltech/mongo.heeltech.in/node_modules/express/lib/response.js:1062:15)
    at Immediate._onImmediate (/home/heeltech/mongo.heeltech.in/node_modules/express/lib/response.js:1104:9)
    at process.processImmediate (node:internal/timers:491:21) {
  code: 'ECONNABORTED'
}
Error: Request aborted
    at onaborted (/home/heeltech/mongo.heeltech.in/node_modules/express/lib/response.js:1062:15)
    at Immediate._onImmediate (/home/heeltech/mongo.heeltech.in/node_modules/express/lib/response.js:1104:9)
    at process.processImmediate (node:internal/timers:491:21) {
  code: 'ECONNABORTED'
}
Error: Request aborted
    at onaborted (/home/heeltech/mongo.heeltech.in/node_modules/express/lib/response.js:1062:15)
    at Immediate._onImmediate (/home/heeltech/mongo.heeltech.in/node_modules/express/lib/response.js:1104:9)
    at process.processImmediate (node:internal/timers:491:21) {
  code: 'ECONNABORTED'
}
Error: Request aborted
    at onaborted (/home/heeltech/mongo.heeltech.in/node_modules/express/lib/response.js:1062:15)
    at Immediate._onImmediate (/home/heeltech/mongo.heeltech.in/node_modules/express/lib/response.js:1104:9)
    at process.processImmediate (node:internal/timers:491:21) {
  code: 'ECONNABORTED'
}
Error: Request aborted
    at onaborted (/home/heeltech/mongo.heeltech.in/node_modules/express/lib/response.js:1062:15)
    at Immediate._onImmediate (/home/heeltech/mongo.heeltech.in/node_modules/express/lib/response.js:1104:9)
    at process.processImmediate (node:internal/timers:491:21) {
  code: 'ECONNABORTED'
}
Error: Request aborted
    at onaborted (/home/heeltech/mongo.heeltech.in/node_modules/express/lib/response.js:1062:15)
    at Immediate._onImmediate (/home/heeltech/mongo.heeltech.in/node_modules/express/lib/response.js:1104:9)
    at process.processImmediate (node:internal/timers:491:21) {
  code: 'ECONNABORTED'
}
Error: Request aborted
    at onaborted (/home/heeltech/mongo.heeltech.in/node_modules/express/lib/response.js:1062:15)
    at Immediate._onImmediate (/home/heeltech/mongo.heeltech.in/node_modules/express/lib/response.js:1104:9)
    at process.processImmediate (node:internal/timers:491:21) {
  code: 'ECONNABORTED'
}
Error: Request aborted
    at onaborted (/home/heeltech/mongo.heeltech.in/node_modules/express/lib/response.js:1062:15)
    at Immediate._onImmediate (/home/heeltech/mongo.heeltech.in/node_modules/express/lib/response.js:1104:9)
    at process.processImmediate (node:internal/timers:491:21) {
  code: 'ECONNABORTED'
}
Error: Request aborted
    at onaborted (/home/heeltech/mongo.heeltech.in/node_modules/express/lib/response.js:1062:15)
    at Immediate._onImmediate (/home/heeltech/mongo.heeltech.in/node_modules/express/lib/response.js:1104:9)
    at process.processImmediate (node:internal/timers:491:21) {
  code: 'ECONNABORTED'
}
Error: Request aborted
    at onaborted (/home/heeltech/mongo.heeltech.in/node_modules/express/lib/response.js:1062:15)
    at Immediate._onImmediate (/home/heeltech/mongo.heeltech.in/node_modules/express/lib/response.js:1104:9)
    at process.processImmediate (node:internal/timers:491:21) {
  code: 'ECONNABORTED'
}
VersionError: No matching document found for id "67fb631d5f3e077e6734082d" version 0 modifiedPaths "step3, religion, motherTongue, languagesKnown, caste, subcaste, gotram"
    at generateVersionError (/home/heeltech/mongo.heeltech.in/node_modules/mongoose/lib/model.js:510:10)
    at model.save (/home/heeltech/mongo.heeltech.in/node_modules/mongoose/lib/model.js:568:28)
    at /home/heeltech/mongo.heeltech.in/Routes/UserRoute.js:405:16
    at process.processTicksAndRejections (node:internal/process/task_queues:105:5) {
  version: 0,
  modifiedPaths: [
    'step3',
    'religion',
    'motherTongue',
    'languagesKnown',
    'caste',
    'subcaste',
    'gotram'
  ]
}
